[0514/110407:ERROR:process_reader_win.cc(113)] NtOpenThread: {Access Denied} A process has requested access to an object, but has not been granted those access rights.  (0xc0000022)
[0514/110407:ERROR:exception_snapshot_win.cc(57)] thread ID 4948 not found in process
[0514/110407:WARNING:crash_report_exception_handler.cc(60)] ProcessSnapshotWin::InitializeException failed
[0514/122432:ERROR:process_reader_win.cc(113)] NtOpenThread: {Access Denied} A process has requested access to an object, but has not been granted those access rights.  (0xc0000022)
[0514/122432:ERROR:exception_snapshot_win.cc(57)] thread ID 1440 not found in process
[0514/122432:WARNING:crash_report_exception_handler.cc(60)] ProcessSnapshotWin::InitializeException failed
[0514/124152:ERROR:process_reader_win.cc(113)] NtOpenThread: {Access Denied} A process has requested access to an object, but has not been granted those access rights.  (0xc0000022)
[0514/124152:ERROR:exception_snapshot_win.cc(57)] thread ID 9152 not found in process
[0514/124152:WARNING:crash_report_exception_handler.cc(60)] ProcessSnapshotWin::InitializeException failed
[0514/125135:ERROR:process_info.cc(330)] VirtualQueryEx: Access is denied. (0x5)
[0514/125135:ERROR:process_info.cc(547)] ReadMemoryInfo failed
[0514/125135:ERROR:process_info.cc(608)] range at 0x7724ab40, size 0x24 fully unreadable
[0514/125135:ERROR:process_info.cc(608)] range at 0x7714bc84, size 0x12 fully unreadable
[0514/125135:ERROR:process_info.cc(608)] range at 0x7714bc84, size 0x12 fully unreadable
[0514/125135:ERROR:process_info.cc(608)] range at 0x7714bc84, size 0x12 fully unreadable
[0514/125135:ERROR:process_info.cc(608)] range at 0x772484b8, size 0x18 fully unreadable
[0514/125135:ERROR:process_info.cc(608)] range at 0x7724883c, size 0x20 fully unreadable
[0514/125135:ERROR:process_reader_win.cc(141)] SuspendThread: Access is denied. (0x5)
[0514/125135:ERROR:exception_snapshot_win.cc(57)] thread ID 1428 not found in process
[0514/125135:WARNING:crash_report_exception_handler.cc(60)] ProcessSnapshotWin::InitializeException failed
[0514/125135:ERROR:scoped_process_suspend.cc(38)] NtResumeProcess, ntstatus=-1073741558
[0514/131025:ERROR:process_reader_win.cc(113)] NtOpenThread: {Access Denied} A process has requested access to an object, but has not been granted those access rights.  (0xc0000022)
[0514/131025:ERROR:exception_snapshot_win.cc(57)] thread ID 10076 not found in process
[0514/131025:WARNING:crash_report_exception_handler.cc(60)] ProcessSnapshotWin::InitializeException failed
[0514/132232:ERROR:process_reader_win.cc(113)] NtOpenThread: {Access Denied} A process has requested access to an object, but has not been granted those access rights.  (0xc0000022)
[0514/132232:ERROR:exception_snapshot_win.cc(57)] thread ID 10708 not found in process
[0514/132232:WARNING:crash_report_exception_handler.cc(60)] ProcessSnapshotWin::InitializeException failed
[0514/132354:ERROR:process_reader_win.cc(113)] NtOpenThread: {Access Denied} A process has requested access to an object, but has not been granted those access rights.  (0xc0000022)
[0514/132354:ERROR:exception_snapshot_win.cc(57)] thread ID 7568 not found in process
[0514/132354:WARNING:crash_report_exception_handler.cc(60)] ProcessSnapshotWin::InitializeException failed
[0514/133227:ERROR:process_reader_win.cc(113)] NtOpenThread: {Access Denied} A process has requested access to an object, but has not been granted those access rights.  (0xc0000022)
[0514/133227:ERROR:exception_snapshot_win.cc(57)] thread ID 5112 not found in process
[0514/133227:WARNING:crash_report_exception_handler.cc(60)] ProcessSnapshotWin::InitializeException failed
[0514/133351:ERROR:process_reader_win.cc(113)] NtOpenThread: {Access Denied} A process has requested access to an object, but has not been granted those access rights.  (0xc0000022)
[0514/133351:ERROR:exception_snapshot_win.cc(57)] thread ID 8368 not found in process
[0514/133351:WARNING:crash_report_exception_handler.cc(60)] ProcessSnapshotWin::InitializeException failed
[0514/133353:ERROR:process_reader_win.cc(113)] NtOpenThread: {Access Denied} A process has requested access to an object, but has not been granted those access rights.  (0xc0000022)
[0514/133353:ERROR:exception_snapshot_win.cc(57)] thread ID 5436 not found in process
[0514/133353:WARNING:crash_report_exception_handler.cc(60)] ProcessSnapshotWin::InitializeException failed
[0514/133603:ERROR:process_reader_win.cc(113)] NtOpenThread: {Access Denied} A process has requested access to an object, but has not been granted those access rights.  (0xc0000022)
[0514/133603:ERROR:exception_snapshot_win.cc(57)] thread ID 11184 not found in process
[0514/133603:WARNING:crash_report_exception_handler.cc(60)] ProcessSnapshotWin::InitializeException failed
[0514/133645:ERROR:process_reader_win.cc(113)] NtOpenThread: {Access Denied} A process has requested access to an object, but has not been granted those access rights.  (0xc0000022)
[0514/133645:ERROR:exception_snapshot_win.cc(57)] thread ID 5048 not found in process
[0514/133645:WARNING:crash_report_exception_handler.cc(60)] ProcessSnapshotWin::InitializeException failed
[0514/134010:ERROR:process_reader_win.cc(113)] NtOpenThread: {Access Denied} A process has requested access to an object, but has not been granted those access rights.  (0xc0000022)
[0514/134010:ERROR:exception_snapshot_win.cc(57)] thread ID 3852 not found in process
[0514/134010:WARNING:crash_report_exception_handler.cc(60)] ProcessSnapshotWin::InitializeException failed
[0514/140603:ERROR:process_reader_win.cc(113)] NtOpenThread: {Access Denied} A process has requested access to an object, but has not been granted those access rights.  (0xc0000022)
[0514/140603:ERROR:exception_snapshot_win.cc(57)] thread ID 1852 not found in process
[0514/140603:WARNING:crash_report_exception_handler.cc(60)] ProcessSnapshotWin::InitializeException failed
[0514/141001:ERROR:process_reader_win.cc(113)] NtOpenThread: {Access Denied} A process has requested access to an object, but has not been granted those access rights.  (0xc0000022)
[0514/141001:ERROR:exception_snapshot_win.cc(57)] thread ID 7052 not found in process
[0514/141001:WARNING:crash_report_exception_handler.cc(60)] ProcessSnapshotWin::InitializeException failed
[0516/082857:ERROR:process_reader_win.cc(113)] NtOpenThread: {Access Denied} A process has requested access to an object, but has not been granted those access rights.  (0xc0000022)
[0516/082857:ERROR:exception_snapshot_win.cc(57)] thread ID 2460 not found in process
[0516/082857:WARNING:crash_report_exception_handler.cc(60)] ProcessSnapshotWin::InitializeException failed
[0516/083354:ERROR:process_reader_win.cc(113)] NtOpenThread: {Access Denied} A process has requested access to an object, but has not been granted those access rights.  (0xc0000022)
[0516/083354:ERROR:exception_snapshot_win.cc(57)] thread ID 1416 not found in process
[0516/083354:WARNING:crash_report_exception_handler.cc(60)] ProcessSnapshotWin::InitializeException failed
[0516/083442:ERROR:process_reader_win.cc(113)] NtOpenThread: {Access Denied} A process has requested access to an object, but has not been granted those access rights.  (0xc0000022)
[0516/083442:ERROR:exception_snapshot_win.cc(57)] thread ID 7612 not found in process
[0516/083442:WARNING:crash_report_exception_handler.cc(60)] ProcessSnapshotWin::InitializeException failed
[0516/083657:ERROR:process_reader_win.cc(113)] NtOpenThread: {Access Denied} A process has requested access to an object, but has not been granted those access rights.  (0xc0000022)
[0516/083657:ERROR:exception_snapshot_win.cc(57)] thread ID 4404 not found in process
[0516/083657:WARNING:crash_report_exception_handler.cc(60)] ProcessSnapshotWin::InitializeException failed
[0516/084316:ERROR:process_reader_win.cc(113)] NtOpenThread: {Access Denied} A process has requested access to an object, but has not been granted those access rights.  (0xc0000022)
[0516/084316:ERROR:exception_snapshot_win.cc(57)] thread ID 10104 not found in process
[0516/084316:WARNING:crash_report_exception_handler.cc(60)] ProcessSnapshotWin::InitializeException failed
[0516/084318:ERROR:process_reader_win.cc(113)] NtOpenThread: {Access Denied} A process has requested access to an object, but has not been granted those access rights.  (0xc0000022)
[0516/084318:ERROR:exception_snapshot_win.cc(57)] thread ID 10824 not found in process
[0516/084318:WARNING:crash_report_exception_handler.cc(60)] ProcessSnapshotWin::InitializeException failed
[0516/085024:ERROR:process_reader_win.cc(113)] NtOpenThread: {Access Denied} A process has requested access to an object, but has not been granted those access rights.  (0xc0000022)
[0516/085024:ERROR:exception_snapshot_win.cc(57)] thread ID 11992 not found in process
[0516/085024:WARNING:crash_report_exception_handler.cc(60)] ProcessSnapshotWin::InitializeException failed
[0516/085025:ERROR:process_reader_win.cc(113)] NtOpenThread: {Access Denied} A process has requested access to an object, but has not been granted those access rights.  (0xc0000022)
[0516/085025:ERROR:exception_snapshot_win.cc(57)] thread ID 2608 not found in process
[0516/085025:WARNING:crash_report_exception_handler.cc(60)] ProcessSnapshotWin::InitializeException failed
[0516/090749:ERROR:process_reader_win.cc(113)] NtOpenThread: {Access Denied} A process has requested access to an object, but has not been granted those access rights.  (0xc0000022)
[0516/090749:ERROR:exception_snapshot_win.cc(57)] thread ID 4076 not found in process
[0516/090749:WARNING:crash_report_exception_handler.cc(60)] ProcessSnapshotWin::InitializeException failed
[0516/091226:ERROR:process_reader_win.cc(113)] NtOpenThread: {Access Denied} A process has requested access to an object, but has not been granted those access rights.  (0xc0000022)
[0516/091226:ERROR:exception_snapshot_win.cc(57)] thread ID 9912 not found in process
[0516/091226:WARNING:crash_report_exception_handler.cc(60)] ProcessSnapshotWin::InitializeException failed
[0516/091256:ERROR:process_reader_win.cc(113)] NtOpenThread: {Access Denied} A process has requested access to an object, but has not been granted those access rights.  (0xc0000022)
[0516/091256:ERROR:exception_snapshot_win.cc(57)] thread ID 6832 not found in process
[0516/091256:WARNING:crash_report_exception_handler.cc(60)] ProcessSnapshotWin::InitializeException failed
[0516/091427:ERROR:process_reader_win.cc(113)] NtOpenThread: {Access Denied} A process has requested access to an object, but has not been granted those access rights.  (0xc0000022)
[0516/091427:ERROR:exception_snapshot_win.cc(57)] thread ID 11380 not found in process
[0516/091427:WARNING:crash_report_exception_handler.cc(60)] ProcessSnapshotWin::InitializeException failed
[0516/091640:ERROR:process_reader_win.cc(113)] NtOpenThread: {Access Denied} A process has requested access to an object, but has not been granted those access rights.  (0xc0000022)
[0516/091640:ERROR:exception_snapshot_win.cc(57)] thread ID 11688 not found in process
[0516/091640:WARNING:crash_report_exception_handler.cc(60)] ProcessSnapshotWin::InitializeException failed
[0516/092638:ERROR:process_reader_win.cc(113)] NtOpenThread: {Access Denied} A process has requested access to an object, but has not been granted those access rights.  (0xc0000022)
[0516/092638:ERROR:exception_snapshot_win.cc(57)] thread ID 11256 not found in process
[0516/092638:WARNING:crash_report_exception_handler.cc(60)] ProcessSnapshotWin::InitializeException failed
[0516/092753:ERROR:process_reader_win.cc(113)] NtOpenThread: {Access Denied} A process has requested access to an object, but has not been granted those access rights.  (0xc0000022)
[0516/092753:ERROR:exception_snapshot_win.cc(57)] thread ID 9328 not found in process
[0516/092753:WARNING:crash_report_exception_handler.cc(60)] ProcessSnapshotWin::InitializeException failed
[0516/093343:ERROR:process_reader_win.cc(113)] NtOpenThread: {Access Denied} A process has requested access to an object, but has not been granted those access rights.  (0xc0000022)
[0516/093343:ERROR:exception_snapshot_win.cc(57)] thread ID 7808 not found in process
[0516/093343:WARNING:crash_report_exception_handler.cc(60)] ProcessSnapshotWin::InitializeException failed
[0516/093344:ERROR:process_reader_win.cc(113)] NtOpenThread: {Access Denied} A process has requested access to an object, but has not been granted those access rights.  (0xc0000022)
[0516/093344:ERROR:exception_snapshot_win.cc(57)] thread ID 11864 not found in process
[0516/093344:WARNING:crash_report_exception_handler.cc(60)] ProcessSnapshotWin::InitializeException failed
[0516/093831:ERROR:process_reader_win.cc(113)] NtOpenThread: {Access Denied} A process has requested access to an object, but has not been granted those access rights.  (0xc0000022)
[0516/093831:ERROR:exception_snapshot_win.cc(57)] thread ID 6120 not found in process
[0516/093831:WARNING:crash_report_exception_handler.cc(60)] ProcessSnapshotWin::InitializeException failed
[0516/094405:ERROR:process_reader_win.cc(113)] NtOpenThread: {Access Denied} A process has requested access to an object, but has not been granted those access rights.  (0xc0000022)
[0516/094405:ERROR:exception_snapshot_win.cc(57)] thread ID 440 not found in process
[0516/094405:WARNING:crash_report_exception_handler.cc(60)] ProcessSnapshotWin::InitializeException failed
